<?xml version="1.0" encoding="UTF-8"?>
<!-- Generated by org.testng.reporters.JUnitReportReporter -->
<testsuite hostname="LAPTOP-DF1BCOCF" failures="0" tests="1" name="com.ice.apiAutomation.createPayloadTest" time="0.016" errors="0" timestamp="2024-08-01T14:01:07 IST" skipped="0">
  <testcase classname="com.ice.apiAutomation.createPayloadTest" name="Test" time="0.016"/>
  <system-out/>
</testsuite> <!-- com.ice.apiAutomation.createPayloadTest -->
